mode: set
github.com/jabardigitalservice/portal-jabar-api/news/delivery/http/news_handler.go:25.73,33.2 5 0
github.com/jabardigitalservice/portal-jabar-api/news/delivery/http/news_handler.go:36.55,43.16 6 1
github.com/jabardigitalservice/portal-jabar-api/news/delivery/http/news_handler.go:47.2,48.38 2 1
github.com/jabardigitalservice/portal-jabar-api/news/delivery/http/news_handler.go:43.16,45.3 1 1
github.com/jabardigitalservice/portal-jabar-api/news/delivery/http/news_handler.go:52.53,54.16 2 1
github.com/jabardigitalservice/portal-jabar-api/news/delivery/http/news_handler.go:58.2,62.16 4 1
github.com/jabardigitalservice/portal-jabar-api/news/delivery/http/news_handler.go:66.2,66.35 1 1
github.com/jabardigitalservice/portal-jabar-api/news/delivery/http/news_handler.go:54.16,56.3 1 0
github.com/jabardigitalservice/portal-jabar-api/news/delivery/http/news_handler.go:62.16,64.3 1 0
github.com/jabardigitalservice/portal-jabar-api/news/delivery/http/news_handler.go:69.51,72.16 3 1
github.com/jabardigitalservice/portal-jabar-api/news/delivery/http/news_handler.go:75.2,75.18 1 0
github.com/jabardigitalservice/portal-jabar-api/news/delivery/http/news_handler.go:72.16,74.3 1 1
github.com/jabardigitalservice/portal-jabar-api/news/delivery/http/news_handler.go:79.57,82.16 3 1
github.com/jabardigitalservice/portal-jabar-api/news/delivery/http/news_handler.go:86.2,87.42 2 1
github.com/jabardigitalservice/portal-jabar-api/news/delivery/http/news_handler.go:91.2,93.16 3 0
github.com/jabardigitalservice/portal-jabar-api/news/delivery/http/news_handler.go:97.2,97.41 1 0
github.com/jabardigitalservice/portal-jabar-api/news/delivery/http/news_handler.go:82.16,84.3 1 0
github.com/jabardigitalservice/portal-jabar-api/news/delivery/http/news_handler.go:87.42,89.3 1 1
github.com/jabardigitalservice/portal-jabar-api/news/delivery/http/news_handler.go:93.16,95.3 1 0
github.com/jabardigitalservice/portal-jabar-api/news/delivery/http/news_handler.go:101.52,103.16 2 1
github.com/jabardigitalservice/portal-jabar-api/news/delivery/http/news_handler.go:107.2,111.16 4 1
github.com/jabardigitalservice/portal-jabar-api/news/delivery/http/news_handler.go:115.2,115.42 1 1
github.com/jabardigitalservice/portal-jabar-api/news/delivery/http/news_handler.go:103.16,105.3 1 0
github.com/jabardigitalservice/portal-jabar-api/news/delivery/http/news_handler.go:111.16,113.3 1 0
github.com/jabardigitalservice/portal-jabar-api/news/delivery/http/news_handler.go:118.35,119.16 1 1
github.com/jabardigitalservice/portal-jabar-api/news/delivery/http/news_handler.go:123.2,124.13 2 1
github.com/jabardigitalservice/portal-jabar-api/news/delivery/http/news_handler.go:119.16,121.3 1 0
github.com/jabardigitalservice/portal-jabar-api/news/delivery/http/news_handler.go:125.37,126.40 1 1
github.com/jabardigitalservice/portal-jabar-api/news/delivery/http/news_handler.go:127.26,128.29 1 0
github.com/jabardigitalservice/portal-jabar-api/news/delivery/http/news_handler.go:129.26,130.29 1 0
github.com/jabardigitalservice/portal-jabar-api/news/delivery/http/news_handler.go:131.10,132.40 1 0
